TN:
SF:script/Counter.s.sol
FN:7,CounterScript.setUp
FNDA:0,CounterScript.setUp
FN:9,CounterScript.run
FNDA:0,CounterScript.run
DA:10,0
FNF:2
FNH:0
LF:1
LH:0
BRF:0
BRH:0
end_of_record
TN:
SF:src/BalancerLiquidator.sol
FN:19,BalancerLiquidator._executeSwap
FNDA:0,BalancerLiquidator._executeSwap
DA:29,0
DA:38,0
DA:45,0
FNF:1
FNH:0
LF:3
LH:0
BRF:0
BRH:0
end_of_record
TN:
SF:src/CurveLiquidator.sol
FN:16,CurveLiquidator._executeSwap
FNDA:0,CurveLiquidator._executeSwap
DA:27,0
DA:28,0
DA:30,0
DA:31,0
DA:33,0
FNF:1
FNH:0
LF:5
LH:0
BRF:0
BRH:0
end_of_record
TN:
SF:src/Liquidator.sol
FN:51,Liquidator.liquidate2857134
FNDA:1,Liquidator.liquidate2857134
DA:62,1
DA:63,1
DA:65,1
DA:66,1
DA:68,1
FN:76,Liquidator.receiveFlashLoan
FNDA:1,Liquidator.receiveFlashLoan
DA:85,1
DA:87,1
DA:88,1
DA:90,1
DA:91,1
DA:92,1
DA:93,1
DA:97,1
DA:100,1
DA:102,1
DA:103,1
FNF:2
FNH:2
LF:16
LH:16
BRF:0
BRH:0
end_of_record
TN:
SF:src/UniswapV3Liquidator.sol
FN:26,UniswapV3Liquidator._executeSwap
FNDA:1,UniswapV3Liquidator._executeSwap
DA:36,1
DA:37,1
DA:39,1
DA:47,1
FN:57,UniswapV3Liquidator.uniswapV3SwapCallback
FNDA:1,UniswapV3Liquidator.uniswapV3SwapCallback
DA:58,1
DA:60,1
DA:61,1
BRDA:61,0,0,1
BRDA:61,0,1,-
DA:62,1
DA:63,0
BRDA:63,1,0,-
BRDA:63,1,1,-
DA:64,0
DA:66,0
DA:69,1
FNF:2
FNH:2
LF:12
LH:9
BRF:4
BRH:1
end_of_record
TN:
SF:src/WstEthCurveLiquidator.sol
FN:32,WstEthCurveLiquidator._executeSwap
FNDA:0,WstEthCurveLiquidator._executeSwap
DA:42,0
DA:44,0
DA:46,0
DA:48,0
FNF:1
FNH:0
LF:4
LH:0
BRF:0
BRH:0
end_of_record
TN:
SF:test/helpers/LiquidatorForkSharedSetup.sol
FN:73,LiquidatorForkSharedSetup.setUp
FNDA:0,LiquidatorForkSharedSetup.setUp
DA:74,0
DA:76,0
DA:79,0
DA:80,0
DA:82,0
DA:83,0
DA:85,0
DA:86,0
DA:88,0
DA:89,0
DA:90,0
DA:91,0
DA:92,0
DA:94,0
DA:95,0
DA:98,0
DA:99,0
DA:100,0
DA:103,0
DA:105,0
DA:109,0
DA:110,0
DA:111,0
DA:112,0
DA:114,0
DA:115,0
DA:116,0
DA:118,0
DA:119,0
DA:121,0
DA:122,0
DA:124,0
DA:125,0
DA:127,0
DA:128,0
DA:130,0
DA:131,0
DA:132,0
DA:133,0
DA:134,0
DA:136,0
DA:137,0
DA:138,0
DA:139,0
DA:140,0
DA:142,0
DA:144,0
DA:145,0
DA:146,0
DA:148,0
DA:149,0
DA:150,0
DA:151,0
FN:155,LiquidatorForkSharedSetup._getUnderlying
FNDA:0,LiquidatorForkSharedSetup._getUnderlying
DA:156,0
FN:159,LiquidatorForkSharedSetup._getCollaterals
FNDA:0,LiquidatorForkSharedSetup._getCollaterals
DA:160,0
DA:162,0
DA:163,0
DA:164,0
FN:167,LiquidatorForkSharedSetup._getDepositContracts
FNDA:0,LiquidatorForkSharedSetup._getDepositContracts
DA:168,0
DA:169,0
DA:170,0
DA:171,0
FN:182,LiquidatorForkSharedSetup._getRepayAmt
FNDA:0,LiquidatorForkSharedSetup._getRepayAmt
DA:183,0
DA:184,0
DA:185,0
DA:187,0
DA:188,0
DA:190,0
BRDA:190,0,0,-
BRDA:190,0,1,-
DA:192,0
DA:193,0
DA:195,0
DA:196,0
DA:198,0
DA:199,0
DA:200,0
DA:202,0
DA:203,0
BRDA:203,1,0,-
BRDA:203,1,1,-
FNF:5
FNH:0
LF:77
LH:0
BRF:4
BRH:0
end_of_record
